2026-03-06 07:47:29,693 [background-preinit] INFO  o.h.validator.internal.util.Version                - HV000001: Hibernate Validator 8.0.1.Final
2026-03-06 07:47:29,891 [main] INFO  c.n.e.repository.EmployeeRepositoryTest            - Starting EmployeeRepositoryTest using Java 17.0.17 with PID 30480 (started by sonak in C:\GitPractice\API-Practice\employee-management\employee-management)
2026-03-06 07:47:29,893 [main] DEBUG c.n.e.repository.EmployeeRepositoryTest            - Running with Spring Boot v3.2.5, Spring v6.1.6
2026-03-06 07:47:29,894 [main] INFO  c.n.e.repository.EmployeeRepositoryTest            - No active profile set, falling back to 1 default profile: "default"
2026-03-06 07:47:31,133 [main] INFO  o.s.d.r.c.RepositoryConfigurationDelegate          - Bootstrapping Spring Data JPA repositories in DEFAULT mode.
2026-03-06 07:47:31,305 [main] INFO  o.s.d.r.c.RepositoryConfigurationDelegate          - Finished Spring Data repository scanning in 146 ms. Found 1 JPA repository interface.
2026-03-06 07:47:31,440 [main] INFO  o.s.b.t.a.j.TestDatabaseAutoConfiguration$EmbeddedDataSourceBeanFactoryPostProcessor - Replacing 'dataSource' DataSource bean with embedded version
2026-03-06 07:47:32,083 [main] INFO  o.s.j.d.embedded.EmbeddedDatabaseFactory           - Starting embedded database: url='jdbc:h2:mem:dff81409-429d-4469-b221-7364f4540f9e;DB_CLOSE_DELAY=-1;DB_CLOSE_ON_EXIT=false', username='sa'
2026-03-06 07:47:32,853 [main] INFO  o.hibernate.jpa.internal.util.LogHelper            - HHH000204: Processing PersistenceUnitInfo [name: default]
2026-03-06 07:47:33,044 [main] INFO  org.hibernate.Version                              - HHH000412: Hibernate ORM core version 6.4.4.Final
2026-03-06 07:47:33,150 [main] INFO  o.h.c.internal.RegionFactoryInitiator              - HHH000026: Second-level cache disabled
2026-03-06 07:47:33,792 [main] INFO  o.s.o.j.p.SpringPersistenceUnitInfo                - No LoadTimeWeaver setup: ignoring JPA class transformer
2026-03-06 07:47:33,939 [main] WARN  org.hibernate.dialect.Dialect                      - HHH000511: The 2.2.0 version for [org.hibernate.dialect.PostgreSQLDialect] is no longer supported, hence certain features may not work properly. The minimum supported version is 12.0.0. Check the community dialects project for available legacy versions.
2026-03-06 07:47:33,954 [main] WARN  org.hibernate.orm.deprecation                      - HHH90000025: PostgreSQLDialect does not need to be specified explicitly using 'hibernate.dialect' (remove the property setting and it will be selected by default)
2026-03-06 07:47:36,096 [main] INFO  o.h.e.t.j.p.i.JtaPlatformInitiator                 - HHH000489: No JTA platform available (set 'hibernate.transaction.jta.platform' to enable JTA platform integration)
2026-03-06 07:47:36,105 [main] INFO  o.s.o.j.LocalContainerEntityManagerFactoryBean     - Initialized JPA EntityManagerFactory for persistence unit 'default'
2026-03-06 07:47:36,866 [main] INFO  c.n.e.repository.EmployeeRepositoryTest            - Started EmployeeRepositoryTest in 8.401 seconds (process running for 11.093)
2026-03-06 07:47:37,996 [main] WARN  o.h.engine.jdbc.spi.SqlExceptionHelper             - SQL Error: 90036, SQLState: 90036
2026-03-06 07:47:37,996 [main] ERROR o.h.engine.jdbc.spi.SqlExceptionHelper             - Sequence "EMPLOYEES_SEQ" not found; SQL statement:
select nextval('employees_seq') [90036-224]
2026-03-06 07:47:38,094 [SpringApplicationShutdownHook] INFO  o.s.o.j.LocalContainerEntityManagerFactoryBean     - Closing JPA EntityManagerFactory for persistence unit 'default'
2026-03-06 07:48:38,100 [background-preinit] INFO  o.h.validator.internal.util.Version                - HV000001: Hibernate Validator 8.0.1.Final
2026-03-06 07:48:38,235 [main] INFO  c.n.e.repository.EmployeeRepositoryTest            - Starting EmployeeRepositoryTest using Java 17.0.17 with PID 14808 (started by sonak in C:\GitPractice\API-Practice\employee-management\employee-management)
2026-03-06 07:48:38,238 [main] DEBUG c.n.e.repository.EmployeeRepositoryTest            - Running with Spring Boot v3.2.5, Spring v6.1.6
2026-03-06 07:48:38,239 [main] INFO  c.n.e.repository.EmployeeRepositoryTest            - No active profile set, falling back to 1 default profile: "default"
2026-03-06 07:48:39,283 [main] INFO  o.s.d.r.c.RepositoryConfigurationDelegate          - Bootstrapping Spring Data JPA repositories in DEFAULT mode.
2026-03-06 07:48:39,417 [main] INFO  o.s.d.r.c.RepositoryConfigurationDelegate          - Finished Spring Data repository scanning in 115 ms. Found 1 JPA repository interface.
2026-03-06 07:48:39,564 [main] INFO  o.s.b.t.a.j.TestDatabaseAutoConfiguration$EmbeddedDataSourceBeanFactoryPostProcessor - Replacing 'dataSource' DataSource bean with embedded version
2026-03-06 07:48:40,128 [main] INFO  o.s.j.d.embedded.EmbeddedDatabaseFactory           - Starting embedded database: url='jdbc:h2:mem:92a3f6d1-a8de-475d-9ba7-102b6be983c6;DB_CLOSE_DELAY=-1;DB_CLOSE_ON_EXIT=false', username='sa'
2026-03-06 07:48:40,736 [main] INFO  o.hibernate.jpa.internal.util.LogHelper            - HHH000204: Processing PersistenceUnitInfo [name: default]
2026-03-06 07:48:40,878 [main] INFO  org.hibernate.Version                              - HHH000412: Hibernate ORM core version 6.4.4.Final
2026-03-06 07:48:40,987 [main] INFO  o.h.c.internal.RegionFactoryInitiator              - HHH000026: Second-level cache disabled
2026-03-06 07:48:41,588 [main] INFO  o.s.o.j.p.SpringPersistenceUnitInfo                - No LoadTimeWeaver setup: ignoring JPA class transformer
2026-03-06 07:48:41,717 [main] WARN  org.hibernate.dialect.Dialect                      - HHH000511: The 2.2.0 version for [org.hibernate.dialect.PostgreSQLDialect] is no longer supported, hence certain features may not work properly. The minimum supported version is 12.0.0. Check the community dialects project for available legacy versions.
2026-03-06 07:48:41,731 [main] WARN  org.hibernate.orm.deprecation                      - HHH90000025: PostgreSQLDialect does not need to be specified explicitly using 'hibernate.dialect' (remove the property setting and it will be selected by default)
2026-03-06 07:48:43,723 [main] INFO  o.h.e.t.j.p.i.JtaPlatformInitiator                 - HHH000489: No JTA platform available (set 'hibernate.transaction.jta.platform' to enable JTA platform integration)
2026-03-06 07:48:43,732 [main] INFO  o.s.o.j.LocalContainerEntityManagerFactoryBean     - Initialized JPA EntityManagerFactory for persistence unit 'default'
2026-03-06 07:48:44,449 [main] INFO  c.n.e.repository.EmployeeRepositoryTest            - Started EmployeeRepositoryTest in 7.324 seconds (process running for 9.644)
2026-03-06 07:48:45,631 [main] WARN  o.h.engine.jdbc.spi.SqlExceptionHelper             - SQL Error: 42104, SQLState: 42S04
2026-03-06 07:48:45,633 [main] ERROR o.h.engine.jdbc.spi.SqlExceptionHelper             - Table "EMPLOYEES" not found (this database is empty); SQL statement:
insert into employees (dob,designation,email,first_name,joining_date,last_name,phone_num,salary) values (?,?,?,?,?,?,?,?) [42104-224]
2026-03-06 07:48:45,711 [SpringApplicationShutdownHook] INFO  o.s.o.j.LocalContainerEntityManagerFactoryBean     - Closing JPA EntityManagerFactory for persistence unit 'default'
2026-03-06 07:55:58,165 [background-preinit] INFO  o.h.validator.internal.util.Version                - HV000001: Hibernate Validator 8.0.1.Final
2026-03-06 07:55:58,337 [main] INFO  c.n.e.repository.EmployeeRepositoryTest            - Starting EmployeeRepositoryTest using Java 17.0.17 with PID 30420 (started by sonak in C:\GitPractice\API-Practice\employee-management\employee-management)
2026-03-06 07:55:58,342 [main] INFO  c.n.e.repository.EmployeeRepositoryTest            - No active profile set, falling back to 1 default profile: "default"
2026-03-06 07:55:59,187 [main] INFO  o.s.d.r.c.RepositoryConfigurationDelegate          - Bootstrapping Spring Data JPA repositories in DEFAULT mode.
2026-03-06 07:55:59,343 [main] INFO  o.s.d.r.c.RepositoryConfigurationDelegate          - Finished Spring Data repository scanning in 135 ms. Found 1 JPA repository interface.
2026-03-06 07:55:59,454 [main] INFO  o.s.b.t.a.j.TestDatabaseAutoConfiguration$EmbeddedDataSourceBeanFactoryPostProcessor - Replacing 'dataSource' DataSource bean with embedded version
2026-03-06 07:56:00,029 [main] INFO  o.s.j.d.embedded.EmbeddedDatabaseFactory           - Starting embedded database: url='jdbc:h2:mem:a9f83862-28c1-43f4-bb2b-70e18c1027b8;DB_CLOSE_DELAY=-1;DB_CLOSE_ON_EXIT=false', username='sa'
2026-03-06 07:56:00,624 [main] INFO  o.hibernate.jpa.internal.util.LogHelper            - HHH000204: Processing PersistenceUnitInfo [name: default]
2026-03-06 07:56:00,761 [main] INFO  org.hibernate.Version                              - HHH000412: Hibernate ORM core version 6.4.4.Final
2026-03-06 07:56:00,857 [main] INFO  o.h.c.internal.RegionFactoryInitiator              - HHH000026: Second-level cache disabled
2026-03-06 07:56:01,448 [main] INFO  o.s.o.j.p.SpringPersistenceUnitInfo                - No LoadTimeWeaver setup: ignoring JPA class transformer
2026-03-06 07:56:01,558 [main] WARN  org.hibernate.orm.deprecation                      - HHH90000025: H2Dialect does not need to be specified explicitly using 'hibernate.dialect' (remove the property setting and it will be selected by default)
2026-03-06 07:56:03,366 [main] INFO  o.h.e.t.j.p.i.JtaPlatformInitiator                 - HHH000489: No JTA platform available (set 'hibernate.transaction.jta.platform' to enable JTA platform integration)
2026-03-06 07:56:03,447 [main] INFO  o.s.o.j.LocalContainerEntityManagerFactoryBean     - Initialized JPA EntityManagerFactory for persistence unit 'default'
2026-03-06 07:56:04,134 [main] INFO  c.n.e.repository.EmployeeRepositoryTest            - Started EmployeeRepositoryTest in 6.895 seconds (process running for 9.169)
2026-03-06 07:56:05,418 [SpringApplicationShutdownHook] INFO  o.s.o.j.LocalContainerEntityManagerFactoryBean     - Closing JPA EntityManagerFactory for persistence unit 'default'
2026-03-06 08:01:13,551 [background-preinit] INFO  o.h.validator.internal.util.Version                - HV000001: Hibernate Validator 8.0.1.Final
2026-03-06 08:01:13,707 [main] INFO  c.n.e.repository.EmployeeRepositoryTest            - Starting EmployeeRepositoryTest using Java 17.0.17 with PID 2828 (started by sonak in C:\GitPractice\API-Practice\employee-management\employee-management)
2026-03-06 08:01:13,711 [main] INFO  c.n.e.repository.EmployeeRepositoryTest            - No active profile set, falling back to 1 default profile: "default"
2026-03-06 08:01:14,602 [main] INFO  o.s.d.r.c.RepositoryConfigurationDelegate          - Bootstrapping Spring Data JPA repositories in DEFAULT mode.
2026-03-06 08:01:14,775 [main] INFO  o.s.d.r.c.RepositoryConfigurationDelegate          - Finished Spring Data repository scanning in 150 ms. Found 1 JPA repository interface.
2026-03-06 08:01:14,881 [main] INFO  o.s.b.t.a.j.TestDatabaseAutoConfiguration$EmbeddedDataSourceBeanFactoryPostProcessor - Replacing 'dataSource' DataSource bean with embedded version
2026-03-06 08:01:15,423 [main] INFO  o.s.j.d.embedded.EmbeddedDatabaseFactory           - Starting embedded database: url='jdbc:h2:mem:64317eb2-aa75-4926-a30d-551668105cbf;DB_CLOSE_DELAY=-1;DB_CLOSE_ON_EXIT=false', username='sa'
2026-03-06 08:01:16,021 [main] INFO  o.hibernate.jpa.internal.util.LogHelper            - HHH000204: Processing PersistenceUnitInfo [name: default]
2026-03-06 08:01:16,154 [main] INFO  org.hibernate.Version                              - HHH000412: Hibernate ORM core version 6.4.4.Final
2026-03-06 08:01:16,230 [main] INFO  o.h.c.internal.RegionFactoryInitiator              - HHH000026: Second-level cache disabled
2026-03-06 08:01:16,784 [main] INFO  o.s.o.j.p.SpringPersistenceUnitInfo                - No LoadTimeWeaver setup: ignoring JPA class transformer
2026-03-06 08:01:16,892 [main] WARN  org.hibernate.orm.deprecation                      - HHH90000025: H2Dialect does not need to be specified explicitly using 'hibernate.dialect' (remove the property setting and it will be selected by default)
2026-03-06 08:01:18,682 [main] INFO  o.h.e.t.j.p.i.JtaPlatformInitiator                 - HHH000489: No JTA platform available (set 'hibernate.transaction.jta.platform' to enable JTA platform integration)
2026-03-06 08:01:18,753 [main] INFO  o.s.o.j.LocalContainerEntityManagerFactoryBean     - Initialized JPA EntityManagerFactory for persistence unit 'default'
2026-03-06 08:01:19,389 [main] INFO  c.n.e.repository.EmployeeRepositoryTest            - Started EmployeeRepositoryTest in 6.783 seconds (process running for 9.096)
2026-03-06 08:01:21,007 [SpringApplicationShutdownHook] INFO  o.s.o.j.LocalContainerEntityManagerFactoryBean     - Closing JPA EntityManagerFactory for persistence unit 'default'
2026-03-06 08:06:36,703 [background-preinit] INFO  o.h.validator.internal.util.Version                - HV000001: Hibernate Validator 8.0.1.Final
2026-03-06 08:06:36,871 [main] INFO  c.n.e.repository.EmployeeRepositoryTest            - Starting EmployeeRepositoryTest using Java 17.0.17 with PID 19904 (started by sonak in C:\GitPractice\API-Practice\employee-management\employee-management)
2026-03-06 08:06:36,876 [main] INFO  c.n.e.repository.EmployeeRepositoryTest            - No active profile set, falling back to 1 default profile: "default"
2026-03-06 08:06:37,767 [main] INFO  o.s.d.r.c.RepositoryConfigurationDelegate          - Bootstrapping Spring Data JPA repositories in DEFAULT mode.
2026-03-06 08:06:37,930 [main] INFO  o.s.d.r.c.RepositoryConfigurationDelegate          - Finished Spring Data repository scanning in 142 ms. Found 1 JPA repository interface.
2026-03-06 08:06:38,048 [main] INFO  o.s.b.t.a.j.TestDatabaseAutoConfiguration$EmbeddedDataSourceBeanFactoryPostProcessor - Replacing 'dataSource' DataSource bean with embedded version
2026-03-06 08:06:38,620 [main] INFO  o.s.j.d.embedded.EmbeddedDatabaseFactory           - Starting embedded database: url='jdbc:h2:mem:562f1e8c-5c40-460c-a453-7afcfa6024fd;DB_CLOSE_DELAY=-1;DB_CLOSE_ON_EXIT=false', username='sa'
2026-03-06 08:06:39,204 [main] INFO  o.hibernate.jpa.internal.util.LogHelper            - HHH000204: Processing PersistenceUnitInfo [name: default]
2026-03-06 08:06:39,342 [main] INFO  org.hibernate.Version                              - HHH000412: Hibernate ORM core version 6.4.4.Final
2026-03-06 08:06:39,444 [main] INFO  o.h.c.internal.RegionFactoryInitiator              - HHH000026: Second-level cache disabled
2026-03-06 08:06:40,014 [main] INFO  o.s.o.j.p.SpringPersistenceUnitInfo                - No LoadTimeWeaver setup: ignoring JPA class transformer
2026-03-06 08:06:40,131 [main] WARN  org.hibernate.orm.deprecation                      - HHH90000025: H2Dialect does not need to be specified explicitly using 'hibernate.dialect' (remove the property setting and it will be selected by default)
2026-03-06 08:06:41,955 [main] INFO  o.h.e.t.j.p.i.JtaPlatformInitiator                 - HHH000489: No JTA platform available (set 'hibernate.transaction.jta.platform' to enable JTA platform integration)
2026-03-06 08:06:42,029 [main] INFO  o.s.o.j.LocalContainerEntityManagerFactoryBean     - Initialized JPA EntityManagerFactory for persistence unit 'default'
2026-03-06 08:06:42,702 [main] INFO  c.n.e.repository.EmployeeRepositoryTest            - Started EmployeeRepositoryTest in 6.929 seconds (process running for 9.249)
2026-03-06 08:06:43,918 [SpringApplicationShutdownHook] INFO  o.s.o.j.LocalContainerEntityManagerFactoryBean     - Closing JPA EntityManagerFactory for persistence unit 'default'
2026-03-06 08:07:11,777 [background-preinit] INFO  o.h.validator.internal.util.Version                - HV000001: Hibernate Validator 8.0.1.Final
2026-03-06 08:07:11,945 [main] INFO  c.n.e.repository.EmployeeRepositoryTest            - Starting EmployeeRepositoryTest using Java 17.0.17 with PID 9016 (started by sonak in C:\GitPractice\API-Practice\employee-management\employee-management)
2026-03-06 08:07:11,951 [main] INFO  c.n.e.repository.EmployeeRepositoryTest            - No active profile set, falling back to 1 default profile: "default"
2026-03-06 08:07:12,852 [main] INFO  o.s.d.r.c.RepositoryConfigurationDelegate          - Bootstrapping Spring Data JPA repositories in DEFAULT mode.
2026-03-06 08:07:13,004 [main] INFO  o.s.d.r.c.RepositoryConfigurationDelegate          - Finished Spring Data repository scanning in 127 ms. Found 1 JPA repository interface.
2026-03-06 08:07:13,123 [main] INFO  o.s.b.t.a.j.TestDatabaseAutoConfiguration$EmbeddedDataSourceBeanFactoryPostProcessor - Replacing 'dataSource' DataSource bean with embedded version
2026-03-06 08:07:13,654 [main] INFO  o.s.j.d.embedded.EmbeddedDatabaseFactory           - Starting embedded database: url='jdbc:h2:mem:fdd25bc7-99ae-462c-b982-267def2f5cd8;DB_CLOSE_DELAY=-1;DB_CLOSE_ON_EXIT=false', username='sa'
2026-03-06 08:07:14,231 [main] INFO  o.hibernate.jpa.internal.util.LogHelper            - HHH000204: Processing PersistenceUnitInfo [name: default]
2026-03-06 08:07:14,370 [main] INFO  org.hibernate.Version                              - HHH000412: Hibernate ORM core version 6.4.4.Final
2026-03-06 08:07:14,466 [main] INFO  o.h.c.internal.RegionFactoryInitiator              - HHH000026: Second-level cache disabled
2026-03-06 08:07:15,030 [main] INFO  o.s.o.j.p.SpringPersistenceUnitInfo                - No LoadTimeWeaver setup: ignoring JPA class transformer
2026-03-06 08:07:15,149 [main] WARN  org.hibernate.orm.deprecation                      - HHH90000025: H2Dialect does not need to be specified explicitly using 'hibernate.dialect' (remove the property setting and it will be selected by default)
2026-03-06 08:07:16,937 [main] INFO  o.h.e.t.j.p.i.JtaPlatformInitiator                 - HHH000489: No JTA platform available (set 'hibernate.transaction.jta.platform' to enable JTA platform integration)
2026-03-06 08:07:17,011 [main] INFO  o.s.o.j.LocalContainerEntityManagerFactoryBean     - Initialized JPA EntityManagerFactory for persistence unit 'default'
2026-03-06 08:07:17,698 [main] INFO  c.n.e.repository.EmployeeRepositoryTest            - Started EmployeeRepositoryTest in 6.897 seconds (process running for 9.196)
2026-03-06 08:07:19,260 [SpringApplicationShutdownHook] INFO  o.s.o.j.LocalContainerEntityManagerFactoryBean     - Closing JPA EntityManagerFactory for persistence unit 'default'
2026-03-06 08:10:05,353 [background-preinit] INFO  o.h.validator.internal.util.Version                - HV000001: Hibernate Validator 8.0.1.Final
2026-03-06 08:10:05,523 [main] INFO  c.n.e.repository.EmployeeRepositoryTest            - Starting EmployeeRepositoryTest using Java 17.0.17 with PID 25204 (started by sonak in C:\GitPractice\API-Practice\employee-management\employee-management)
2026-03-06 08:10:05,528 [main] INFO  c.n.e.repository.EmployeeRepositoryTest            - No active profile set, falling back to 1 default profile: "default"
2026-03-06 08:10:06,495 [main] INFO  o.s.d.r.c.RepositoryConfigurationDelegate          - Bootstrapping Spring Data JPA repositories in DEFAULT mode.
2026-03-06 08:10:06,654 [main] INFO  o.s.d.r.c.RepositoryConfigurationDelegate          - Finished Spring Data repository scanning in 142 ms. Found 1 JPA repository interface.
2026-03-06 08:10:06,769 [main] INFO  o.s.b.t.a.j.TestDatabaseAutoConfiguration$EmbeddedDataSourceBeanFactoryPostProcessor - Replacing 'dataSource' DataSource bean with embedded version
2026-03-06 08:10:07,308 [main] INFO  o.s.j.d.embedded.EmbeddedDatabaseFactory           - Starting embedded database: url='jdbc:h2:mem:886cc83c-bf2d-4646-af58-8b08099e368d;DB_CLOSE_DELAY=-1;DB_CLOSE_ON_EXIT=false', username='sa'
2026-03-06 08:10:07,923 [main] INFO  o.hibernate.jpa.internal.util.LogHelper            - HHH000204: Processing PersistenceUnitInfo [name: default]
2026-03-06 08:10:08,053 [main] INFO  org.hibernate.Version                              - HHH000412: Hibernate ORM core version 6.4.4.Final
2026-03-06 08:10:08,136 [main] INFO  o.h.c.internal.RegionFactoryInitiator              - HHH000026: Second-level cache disabled
2026-03-06 08:10:08,656 [main] INFO  o.s.o.j.p.SpringPersistenceUnitInfo                - No LoadTimeWeaver setup: ignoring JPA class transformer
2026-03-06 08:10:08,770 [main] WARN  org.hibernate.orm.deprecation                      - HHH90000025: H2Dialect does not need to be specified explicitly using 'hibernate.dialect' (remove the property setting and it will be selected by default)
2026-03-06 08:10:10,553 [main] INFO  o.h.e.t.j.p.i.JtaPlatformInitiator                 - HHH000489: No JTA platform available (set 'hibernate.transaction.jta.platform' to enable JTA platform integration)
2026-03-06 08:10:10,625 [main] INFO  o.s.o.j.LocalContainerEntityManagerFactoryBean     - Initialized JPA EntityManagerFactory for persistence unit 'default'
2026-03-06 08:10:11,270 [main] INFO  c.n.e.repository.EmployeeRepositoryTest            - Started EmployeeRepositoryTest in 6.856 seconds (process running for 9.147)
2026-03-06 08:10:12,850 [SpringApplicationShutdownHook] INFO  o.s.o.j.LocalContainerEntityManagerFactoryBean     - Closing JPA EntityManagerFactory for persistence unit 'default'
2026-03-06 08:11:23,792 [background-preinit] INFO  o.h.validator.internal.util.Version                - HV000001: Hibernate Validator 8.0.1.Final
2026-03-06 08:11:23,956 [main] INFO  c.n.e.repository.EmployeeRepositoryTest            - Starting EmployeeRepositoryTest using Java 17.0.17 with PID 24468 (started by sonak in C:\GitPractice\API-Practice\employee-management\employee-management)
2026-03-06 08:11:23,960 [main] INFO  c.n.e.repository.EmployeeRepositoryTest            - No active profile set, falling back to 1 default profile: "default"
2026-03-06 08:11:24,894 [main] INFO  o.s.d.r.c.RepositoryConfigurationDelegate          - Bootstrapping Spring Data JPA repositories in DEFAULT mode.
2026-03-06 08:11:25,034 [main] INFO  o.s.d.r.c.RepositoryConfigurationDelegate          - Finished Spring Data repository scanning in 123 ms. Found 1 JPA repository interface.
2026-03-06 08:11:25,164 [main] INFO  o.s.b.t.a.j.TestDatabaseAutoConfiguration$EmbeddedDataSourceBeanFactoryPostProcessor - Replacing 'dataSource' DataSource bean with embedded version
2026-03-06 08:11:25,751 [main] INFO  o.s.j.d.embedded.EmbeddedDatabaseFactory           - Starting embedded database: url='jdbc:h2:mem:d1917d03-7a17-4a8a-bb41-0ae0c88de029;DB_CLOSE_DELAY=-1;DB_CLOSE_ON_EXIT=false', username='sa'
2026-03-06 08:11:26,377 [main] INFO  o.hibernate.jpa.internal.util.LogHelper            - HHH000204: Processing PersistenceUnitInfo [name: default]
2026-03-06 08:11:26,515 [main] INFO  org.hibernate.Version                              - HHH000412: Hibernate ORM core version 6.4.4.Final
2026-03-06 08:11:26,610 [main] INFO  o.h.c.internal.RegionFactoryInitiator              - HHH000026: Second-level cache disabled
2026-03-06 08:11:27,156 [main] INFO  o.s.o.j.p.SpringPersistenceUnitInfo                - No LoadTimeWeaver setup: ignoring JPA class transformer
2026-03-06 08:11:27,272 [main] WARN  org.hibernate.orm.deprecation                      - HHH90000025: H2Dialect does not need to be specified explicitly using 'hibernate.dialect' (remove the property setting and it will be selected by default)
2026-03-06 08:11:29,086 [main] INFO  o.h.e.t.j.p.i.JtaPlatformInitiator                 - HHH000489: No JTA platform available (set 'hibernate.transaction.jta.platform' to enable JTA platform integration)
2026-03-06 08:11:29,163 [main] INFO  o.s.o.j.LocalContainerEntityManagerFactoryBean     - Initialized JPA EntityManagerFactory for persistence unit 'default'
2026-03-06 08:11:29,847 [main] INFO  c.n.e.repository.EmployeeRepositoryTest            - Started EmployeeRepositoryTest in 6.993 seconds (process running for 9.258)
2026-03-06 08:11:31,107 [main] INFO  c.n.e.repository.EmployeeRepositoryTest            - ================================Deleted=============
2026-03-06 08:11:31,407 [main] INFO  c.n.e.repository.EmployeeRepositoryTest            - ================================Deleted=============
2026-03-06 08:11:31,442 [main] INFO  c.n.e.repository.EmployeeRepositoryTest            - ================================Deleted=============
2026-03-06 08:11:31,462 [SpringApplicationShutdownHook] INFO  o.s.o.j.LocalContainerEntityManagerFactoryBean     - Closing JPA EntityManagerFactory for persistence unit 'default'
